[2017-01-26 14:55:44,620] multiqc                                            [DEBUG  ]  No MultiQC config found: /usr/local/lib/python2.7/dist-packages/multiqc_config.yaml
[2017-01-26 14:55:44,620] multiqc                                            [DEBUG  ]  No MultiQC config found: /home/j5kim/.multiqc_config.yaml
[2017-01-26 14:55:44,620] multiqc                                            [DEBUG  ]  No MultiQC config found: multiqc_config.yaml
[2017-01-26 14:55:44,620] multiqc                                            [DEBUG  ]  Command used: /usr/local/bin/multiqc .
[2017-01-26 14:55:44,620] multiqc                                            [DEBUG  ]  Could not connect to multiqc.info for version check
[2017-01-26 14:55:44,621] multiqc                                            [INFO   ]  This is MultiQC v0.9
[2017-01-26 14:55:44,621] multiqc                                            [DEBUG  ]  Command     : /usr/local/bin/multiqc .
[2017-01-26 14:55:44,621] multiqc                                            [DEBUG  ]  Working dir : /home/j5kim/MED263_harismendy/workingdir/fastqc
[2017-01-26 14:55:44,621] multiqc                                            [INFO   ]  Template    : default
[2017-01-26 14:55:44,621] multiqc                                            [INFO   ]  Searching '.'
[2017-01-26 14:55:44,621] multiqc                                            [DEBUG  ]  Analysing modules: gatk, htseq, custom_content, peddy, quast, snpeff, qualimap, bcftools, featureCounts, methylQA, rseqc, picard, preseq, prokka, samblaster, samtools, bamtools, bismark, hicup, salmon, kallisto, slamdunk, star, tophat, bowtie2, bowtie1, cutadapt, trimmomatic, skewer, fastq_screen, fastqc
[2017-01-26 14:55:44,622] multiqc                                            [DEBUG  ]  Using temporary directory for creating report: /tmp/tmpEMhwXR
[2017-01-26 14:55:44,659] multiqc.modules.gatk.gatk                          [DEBUG  ]  Could not find any reports in ('.',)
[2017-01-26 14:55:44,673] multiqc.modules.htseq.htseq                        [DEBUG  ]  Could not find any reports in ('.',)
[2017-01-26 14:55:44,677] multiqc.modules.custom_content.custom_content      [DEBUG  ]  No custom content found
[2017-01-26 14:55:44,682] multiqc.modules.peddy.peddy                        [DEBUG  ]  Could not find any reports in ('.',)
[2017-01-26 14:55:44,686] multiqc.modules.quast.quast                        [DEBUG  ]  Could not find any reports in ('.',)
[2017-01-26 14:55:44,699] multiqc.modules.snpeff.snpeff                      [DEBUG  ]  Could not find any data in ('.',)
[2017-01-26 14:55:44,704] multiqc.modules.qualimap.QM_BamQC                  [DEBUG  ]  Using default Qualimap thresholds: 1, 5, 10, 30, 50
[2017-01-26 14:55:44,707] multiqc.modules.qualimap.qualimap                  [DEBUG  ]  Could not find any reports in ('.',)
[2017-01-26 14:55:44,720] multiqc.modules.bcftools.bcftools                  [DEBUG  ]  Could not find any reports in ('.',)
[2017-01-26 14:55:44,723] multiqc.modules.featureCounts.feature_counts       [DEBUG  ]  Could not find any reports in ('.',)
[2017-01-26 14:55:44,727] multiqc.modules.methylQA.methylQA                  [DEBUG  ]  Could not find any reports in ('.',)
[2017-01-26 14:55:44,780] multiqc.modules.rseqc.rseqc                        [DEBUG  ]  Could not find any reports in ('.',)
[2017-01-26 14:55:44,866] multiqc.modules.picard.picard                      [DEBUG  ]  Could not find any reports in ('.',)
[2017-01-26 14:55:44,880] multiqc.modules.preseq.preseq                      [DEBUG  ]  Could not find any preseq data in ('.',)
[2017-01-26 14:55:44,893] multiqc.modules.prokka.prokka                      [DEBUG  ]  Could not find any Prokka data in ('.',)
[2017-01-26 14:55:44,906] multiqc.modules.samblaster.samblaster              [DEBUG  ]  Could not find any data in ('.',)
[2017-01-26 14:55:44,942] multiqc.modules.samtools.samtools                  [DEBUG  ]  Could not find any reports in ('.',)
[2017-01-26 14:55:44,956] multiqc.modules.bamtools.bamtools                  [DEBUG  ]  Could not find any reports in ('.',)
[2017-01-26 14:55:44,962] multiqc.modules.bismark.bismark                    [DEBUG  ]  Could not find any reports in ('.',)
[2017-01-26 14:55:44,966] multiqc.modules.hicup.hicup                        [DEBUG  ]  Could not find any HiCUP data in ('.',)
[2017-01-26 14:55:44,969] multiqc.modules.salmon.salmon                      [DEBUG  ]  Could not find any Salmon data in ('.',)
[2017-01-26 14:55:44,982] multiqc.modules.kallisto.kallisto                  [DEBUG  ]  Could not find any reports in ('.',)
[2017-01-26 14:55:45,045] multiqc.modules.slamdunk.slamdunk                  [DEBUG  ]  No slamdunk reports found.
[2017-01-26 14:55:45,048] multiqc.modules.star.star                          [DEBUG  ]  Could not find any reports in ('.',)
[2017-01-26 14:55:45,052] multiqc.modules.tophat.tophat                      [DEBUG  ]  Could not find any reports in ('.',)
[2017-01-26 14:55:45,064] multiqc.modules.bowtie2.bowtie2                    [DEBUG  ]  Could not find any reports in ('.',)
[2017-01-26 14:55:45,077] multiqc.modules.bowtie1.bowtie1                    [DEBUG  ]  Could not find any reports in ('.',)
[2017-01-26 14:55:45,090] multiqc.modules.cutadapt.cutadapt                  [DEBUG  ]  Could not find any reports in ('.',)
[2017-01-26 14:55:45,103] multiqc.modules.trimmomatic.trimmomatic            [DEBUG  ]  Could not find any Trimmomatic data in ('.',)
[2017-01-26 14:55:45,115] multiqc.modules.skewer.skewer                      [DEBUG  ]  Could not find any data in ('.',)
[2017-01-26 14:55:45,119] multiqc.modules.fastq_screen.fastq_screen          [DEBUG  ]  Could not find any reports in ('.',)
[2017-01-26 14:55:45,149] multiqc.modules.fastqc.fastqc                      [INFO   ]  Found 4 reports
[2017-01-26 14:55:45,515] multiqc                                            [INFO   ]  Report      : multiqc_report.html
[2017-01-26 14:55:45,516] multiqc                                            [INFO   ]  Data        : multiqc_data
[2017-01-26 14:55:45,516] multiqc                                            [DEBUG  ]  Moving data file from '/tmp/tmpEMhwXR/multiqc_data/multiqc_fastqc.txt' to '/home/j5kim/MED263_harismendy/workingdir/fastqc/multiqc_data'
[2017-01-26 14:55:45,517] multiqc                                            [DEBUG  ]  Moving data file from '/tmp/tmpEMhwXR/multiqc_data/multiqc_sources.txt' to '/home/j5kim/MED263_harismendy/workingdir/fastqc/multiqc_data'
[2017-01-26 14:55:45,517] multiqc                                            [DEBUG  ]  Moving data file from '/tmp/tmpEMhwXR/multiqc_data/multiqc_general_stats.txt' to '/home/j5kim/MED263_harismendy/workingdir/fastqc/multiqc_data'
[2017-01-26 14:55:45,638] multiqc                                            [INFO   ]  MultiQC complete
